<?xml version="1.0" encoding="UTF-8"?>
<!-- Generated by org.testng.reporters.JUnitReportReporter -->
<testsuite skipped="0" hostname="www-PC" name="MedeilLogin.CustomerRegister" tests="1" failures="0" timestamp="2022-03-14T13:55:48 IST" time="22.052" errors="0">
  <testcase name="a_login" time="22.052" classname="MedeilLogin.CustomerRegister"/>
  <system-out/>
</testsuite> <!-- MedeilLogin.CustomerRegister -->
