<?xml version="1.0" encoding="UTF-8"?>
<!-- Generated by org.testng.reporters.JUnitReportReporter -->
<testsuite skipped="0" hostname="www-PC" name="customer.CustomerRegister" tests="1" failures="0" timestamp="2022-03-14T14:21:08 IST" time="22.421" errors="0">
  <testcase name="a_login" time="22.421" classname="customer.CustomerRegister"/>
  <system-out/>
</testsuite> <!-- customer.CustomerRegister -->
